DEBUG  Mapper::Base : Mapper has been started 2014-02-19 15:45:13 +0200
DEBUG  Mapper::Base : AMQP started 2014-02-19 15:45:13 +0200
DEBUG  Mapper::Base : Mapper has been started 2014-02-19 15:50:26 +0200
DEBUG  Mapper::Base : AMQP started 2014-02-19 15:50:26 +0200
DEBUG  Mapper::Base : Received message start_webserver
DEBUG  Mapper::Base : Mapper has been started 2014-02-19 15:52:26 +0200
DEBUG  Mapper::Base : AMQP started 2014-02-19 15:52:26 +0200
DEBUG  Mapper::Base : Received message start_webserver
DEBUG  Mapper::Base : Mapper has been started 2014-02-19 15:58:57 +0200
DEBUG  Mapper::Base : AMQP started 2014-02-19 15:58:57 +0200
DEBUG  Mapper::Base : Received message start_solr
DEBUG  Mapper::Base : Mapper has been started 2014-02-19 16:32:06 +0200
DEBUG  Mapper::Base : AMQP started 2014-02-19 16:32:06 +0200
DEBUG  Mapper::Base : Mapper has been started 2014-02-19 16:45:18 +0200
DEBUG  Mapper::Base : AMQP started 2014-02-19 16:45:18 +0200
DEBUG  Mapper::Base : Received message start_webserver
DEBUG  Mapper::Base : Mapper has been started 2014-02-19 16:46:12 +0200
DEBUG  Mapper::Base : AMQP started 2014-02-19 16:46:12 +0200
DEBUG  Mapper::Base : Received message start_webserver
DEBUG  Mapper::Base : Mapper has been started 2014-02-19 16:50:19 +0200
DEBUG  Mapper::Base : AMQP started 2014-02-19 16:50:19 +0200
DEBUG  Mapper::Base : Received message start
DEBUG  PriceManager : Operation index has been successfully finished
DEBUG  Mapper::Base : Received message start_solr
DEBUG  Mapper::Base : Received message match
DEBUG  Mapper::Base : Received message start_webserver
DEBUG  Mapper::Base : Mapper has been started 2014-02-19 17:04:37 +0200
DEBUG  Mapper::Base : AMQP started 2014-02-19 17:04:37 +0200
DEBUG  Mapper::Base : Received message setup_storage
DEBUG  Mapper::Base : Received message setup_storage
DEBUG  Mapper::Base : Mapper has been started 2014-02-24 11:32:09 +0200
DEBUG  Mapper::Base : AMQP started 2014-02-24 11:32:09 +0200
DEBUG  Mapper::Base : Mapper has been started 2014-02-24 11:59:21 +0200
DEBUG  Mapper::Base : Mapper has been started 2014-02-24 11:59:21 +0200
DEBUG  Mapper::Base : AMQP started 2014-02-24 11:59:21 +0200
DEBUG  Mapper::Base : AMQP started 2014-02-24 11:59:21 +0200
DEBUG  Mapper::Base : Mapper has been started 2014-02-24 11:59:58 +0200
DEBUG  Mapper::Base : Mapper has been started 2014-02-24 11:59:58 +0200
DEBUG  Mapper::Base : AMQP started 2014-02-24 11:59:58 +0200
DEBUG  Mapper::Base : AMQP started 2014-02-24 11:59:58 +0200
DEBUG  Mapper::Base : Mapper has been started 2014-02-24 12:00:48 +0200
DEBUG  Mapper::Base : Mapper has been started 2014-02-24 12:00:48 +0200
DEBUG  Mapper::Base : AMQP started 2014-02-24 12:00:48 +0200
DEBUG  Mapper::Base : AMQP started 2014-02-24 12:00:48 +0200
DEBUG  Mapper::Base : Mapper has been started 2014-02-24 12:02:50 +0200
DEBUG  Mapper::Base : AMQP started 2014-02-24 12:02:50 +0200
DEBUG  Mapper::Base : Mapper has been started 2014-02-24 12:04:02 +0200
DEBUG  Mapper::Base : Mapper has been started 2014-02-24 12:04:02 +0200
DEBUG  Mapper::Base : Mapper has been started 2014-02-24 12:04:02 +0200
DEBUG  Mapper::Base : AMQP started 2014-02-24 12:04:02 +0200
DEBUG  Mapper::Base : AMQP started 2014-02-24 12:04:02 +0200
DEBUG  Mapper::Base : AMQP started 2014-02-24 12:04:02 +0200
DEBUG  Mapper::Base : Mapper has been started 2014-02-24 17:03:42 +0200
DEBUG  Mapper::Base : Mapper has been started 2014-02-24 17:03:42 +0200
DEBUG  Mapper::Base : AMQP started 2014-02-24 17:03:42 +0200
DEBUG  Mapper::Base : AMQP started 2014-02-24 17:03:42 +0200
DEBUG  Mapper::Base : Mapper has been started 2014-02-24 17:03:55 +0200
DEBUG  Mapper::Base : Mapper has been started 2014-02-24 17:03:55 +0200
DEBUG  Mapper::Base : Mapper has been started 2014-02-24 17:03:55 +0200
DEBUG  Mapper::Base : AMQP started 2014-02-24 17:03:55 +0200
DEBUG  Mapper::Base : AMQP started 2014-02-24 17:03:55 +0200
DEBUG  Mapper::Base : AMQP started 2014-02-24 17:03:55 +0200
DEBUG  Mapper::Base : Mapper has been started 2014-02-24 17:05:13 +0200
DEBUG  Mapper::Base : AMQP started 2014-02-24 17:05:13 +0200
DEBUG  Mapper::Base : Mapper has been started 2014-02-24 17:07:00 +0200
DEBUG  Mapper::Base : Mapper has been started 2014-02-24 17:07:00 +0200
DEBUG  Mapper::Base : Mapper has been started 2014-02-24 17:07:00 +0200
DEBUG  Mapper::Base : AMQP started 2014-02-24 17:07:00 +0200
DEBUG  Mapper::Base : AMQP started 2014-02-24 17:07:00 +0200
DEBUG  Mapper::Base : AMQP started 2014-02-24 17:07:00 +0200
DEBUG  Mapper::Base : Mapper has been started 2014-02-24 17:09:26 +0200
DEBUG  Mapper::Base : AMQP started 2014-02-24 17:09:26 +0200
DEBUG  Mapper::Base : Mapper has been started 2014-02-24 17:17:19 +0200
DEBUG  Mapper::Base : AMQP started 2014-02-24 17:17:19 +0200
DEBUG  Mapper::Base : Mapper has been started 2014-02-24 17:21:11 +0200
DEBUG  Mapper::Base : AMQP started 2014-02-24 17:21:11 +0200
DEBUG  Mapper::Base : Mapper has been started 2014-02-24 17:21:24 +0200
DEBUG  Mapper::Base : AMQP started 2014-02-24 17:21:24 +0200
DEBUG  Mapper::Base : Mapper has been started 2014-02-24 17:21:58 +0200
DEBUG  Mapper::Base : AMQP started 2014-02-24 17:21:58 +0200
DEBUG  Mapper::Base : Mapper has been started 2014-02-24 17:28:10 +0200
DEBUG  Mapper::Base : Mapper has been started 2014-02-24 17:29:30 +0200
DEBUG  Mapper::Base : Mapper has been started 2014-02-24 17:49:04 +0200
DEBUG  Mapper::Base : Mapper has been started 2014-02-24 18:12:24 +0200
DEBUG  Mapper::Base : Mapper has been started 2014-02-24 18:21:43 +0200
DEBUG  Mapper::Base : Mapper has been started 2014-02-24 18:22:52 +0200
DEBUG  Mapper::Base : Mapper has been started 2014-02-24 18:25:09 +0200
DEBUG  Mapper::Base : Mapper has been started 2014-02-24 18:26:13 +0200
DEBUG  Mapper::Base : Mapper has been started 2014-02-24 18:28:28 +0200
DEBUG  Mapper::Base : Mapper has been started 2014-02-24 18:29:57 +0200
DEBUG  Mapper::Base : Mapper has been started 2014-02-24 18:32:59 +0200
DEBUG  Mapper::Base : Mapper has been started 2014-02-24 18:33:24 +0200
DEBUG  Mapper::Base : AMQP started 2014-02-24 18:33:24 +0200
DEBUG  Mapper::Base : Mapper has been started 2014-02-24 18:33:42 +0200
DEBUG  Mapper::Base : AMQP started 2014-02-24 18:33:42 +0200
DEBUG  Mapper::Base : Mapper has been started 2014-02-24 18:34:27 +0200
DEBUG  Mapper::Base : Mapper has been started 2014-02-24 18:35:47 +0200
DEBUG  Mapper::Base : AMQP started 2014-02-24 18:35:47 +0200
DEBUG  Mapper::Base : Mapper has been started 2014-02-24 18:36:24 +0200
DEBUG  Mapper::Base : AMQP started 2014-02-24 18:36:24 +0200
DEBUG  Mapper::Base : Mapper has been started 2014-02-24 18:44:46 +0200
DEBUG  Mapper::Base : AMQP started 2014-02-24 18:44:46 +0200
DEBUG  Mapper::Base : Mapper has been started 2014-02-24 18:45:08 +0200
DEBUG  Mapper::Base : AMQP started 2014-02-24 18:45:08 +0200
DEBUG  Mapper::Base : Mapper has been started 2014-02-24 18:46:48 +0200
DEBUG  Mapper::Base : AMQP started 2014-02-24 18:46:48 +0200
DEBUG  Mapper::Base : Mapper has been started 2014-02-24 18:48:44 +0200
DEBUG  Mapper::Base : AMQP started 2014-02-24 18:48:44 +0200
DEBUG  Mapper::Base : Mapper has been started 2014-02-24 18:49:31 +0200
DEBUG  Mapper::Base : AMQP started 2014-02-24 18:49:31 +0200
DEBUG  Mapper::Base : Mapper has been started 2014-02-25 13:06:46 +0200
DEBUG  Mapper::Base : AMQP started 2014-02-25 13:06:46 +0200
DEBUG  Mapper::Base : Mapper has been started 2014-02-25 13:11:41 +0200
DEBUG  Mapper::Base : AMQP started 2014-02-25 13:11:41 +0200
DEBUG  Mapper::Base : Mapper has been started 2014-02-25 13:28:48 +0200
DEBUG  Mapper::Base : AMQP started 2014-02-25 13:28:48 +0200
DEBUG  Mapper::Base : Mapper has been started 2014-02-25 13:29:31 +0200
DEBUG  Mapper::Base : AMQP started 2014-02-25 13:29:31 +0200
DEBUG  Mapper::Base : Mapper has been started 2014-02-25 13:30:14 +0200
DEBUG  Mapper::Base : AMQP started 2014-02-25 13:30:14 +0200
DEBUG  Mapper::Base : Mapper has been started 2014-02-25 13:31:29 +0200
DEBUG  Mapper::Base : AMQP started 2014-02-25 13:31:29 +0200
DEBUG  PriceManager : Operation index has been successfully finished
DEBUG  Mapper::Base : Mapper has been started 2014-02-25 13:36:04 +0200
DEBUG  Mapper::Base : AMQP started 2014-02-25 13:36:04 +0200
DEBUG  Mapper::Base : Mapper has been started 2014-02-25 13:37:22 +0200
DEBUG  Mapper::Base : AMQP started 2014-02-25 13:37:22 +0200
DEBUG  Mapper::Base : Mapper has been started 2014-02-25 13:38:10 +0200
DEBUG  Mapper::Base : AMQP started 2014-02-25 13:38:10 +0200
DEBUG  Mapper::Base : Mapper has been started 2014-02-25 13:39:38 +0200
DEBUG  Mapper::Base : AMQP started 2014-02-25 13:39:38 +0200
DEBUG  Mapper::Base : Mapper has been started 2014-02-25 13:40:25 +0200
DEBUG  Mapper::Base : AMQP started 2014-02-25 13:40:25 +0200
DEBUG  Mapper::Base : Mapper has been started 2014-02-25 13:40:55 +0200
DEBUG  Mapper::Base : AMQP started 2014-02-25 13:40:55 +0200
DEBUG  Mapper::Base : Mapper has been started 2014-02-25 13:41:26 +0200
DEBUG  Mapper::Base : AMQP started 2014-02-25 13:41:26 +0200
DEBUG  Mapper::Base : Mapper has been started 2014-02-25 13:42:57 +0200
DEBUG  Mapper::Base : AMQP started 2014-02-25 13:42:57 +0200
DEBUG  Mapper::Base : Mapper has been started 2014-02-25 13:43:51 +0200
DEBUG  Mapper::Base : AMQP started 2014-02-25 13:43:51 +0200
DEBUG  Mapper::Base : Mapper has been started 2014-02-25 13:44:46 +0200
DEBUG  Mapper::Base : AMQP started 2014-02-25 13:44:46 +0200
DEBUG  Mapper::Base : Mapper has been started 2014-02-25 13:45:35 +0200
DEBUG  Mapper::Base : AMQP started 2014-02-25 13:45:35 +0200
DEBUG  Mapper::Base : Mapper has been started 2014-02-25 13:46:06 +0200
DEBUG  Mapper::Base : AMQP started 2014-02-25 13:46:06 +0200
DEBUG  Mapper::Base : Mapper has been started 2014-02-25 13:47:36 +0200
DEBUG  Mapper::Base : AMQP started 2014-02-25 13:47:36 +0200
DEBUG  Mapper::Base : Mapper has been started 2014-02-25 13:50:21 +0200
DEBUG  Mapper::Base : AMQP started 2014-02-25 13:50:21 +0200
DEBUG  Mapper::Base : Mapper has been started 2014-02-25 13:51:10 +0200
DEBUG  Mapper::Base : AMQP started 2014-02-25 13:51:10 +0200
DEBUG  Mapper::Base : Mapper has been started 2014-02-25 14:41:03 +0200
DEBUG  Mapper::Base : AMQP started 2014-02-25 14:41:03 +0200
DEBUG  Mapper::Base : Mapper has been started 2014-02-25 14:45:30 +0200
DEBUG  Mapper::Base : AMQP started 2014-02-25 14:45:30 +0200
DEBUG  Mapper::Base : Mapper has been started 2014-02-25 14:46:08 +0200
DEBUG  Mapper::Base : AMQP started 2014-02-25 14:46:08 +0200
DEBUG  Mapper::Base : Mapper has been started 2014-02-25 14:49:05 +0200
DEBUG  Mapper::Base : AMQP started 2014-02-25 14:49:05 +0200
DEBUG  Mapper::Base : Mapper has been started 2014-02-25 14:50:21 +0200
DEBUG  Mapper::Base : AMQP started 2014-02-25 14:50:21 +0200
DEBUG  Mapper::Base : Mapper has been started 2014-02-25 14:52:11 +0200
DEBUG  Mapper::Base : AMQP started 2014-02-25 14:52:11 +0200
DEBUG  Mapper::Base : Mapper has been started 2014-02-25 14:54:30 +0200
DEBUG  Mapper::Base : AMQP started 2014-02-25 14:54:30 +0200
DEBUG  Mapper::Base : Mapper has been started 2014-02-25 14:55:33 +0200
DEBUG  Mapper::Base : AMQP started 2014-02-25 14:55:33 +0200
DEBUG  Mapper::Base : Mapper has been started 2014-02-25 14:55:54 +0200
DEBUG  Mapper::Base : AMQP started 2014-02-25 14:55:54 +0200
DEBUG  Mapper::Base : Mapper has been started 2014-02-25 14:56:07 +0200
DEBUG  Mapper::Base : AMQP started 2014-02-25 14:56:07 +0200
DEBUG  Mapper::Base : Mapper has been started 2014-02-25 14:56:49 +0200
DEBUG  Mapper::Base : AMQP started 2014-02-25 14:56:49 +0200
DEBUG  Mapper::Base : Mapper has been started 2014-02-25 14:58:45 +0200
DEBUG  Mapper::Base : AMQP started 2014-02-25 14:58:45 +0200
DEBUG  Mapper::Base : Mapper has been started 2014-02-25 15:05:02 +0200
DEBUG  Mapper::Base : AMQP started 2014-02-25 15:05:02 +0200
DEBUG  Mapper::Base : Mapper has been started 2014-02-25 15:05:48 +0200
DEBUG  Mapper::Base : AMQP started 2014-02-25 15:05:48 +0200
DEBUG  Mapper::Base : Mapper has been started 2014-02-25 15:05:58 +0200
DEBUG  Mapper::Base : AMQP started 2014-02-25 15:05:58 +0200
DEBUG  Mapper::Base : Mapper has been started 2014-02-25 16:32:07 +0200
DEBUG  Mapper::Base : Mapper has been started 2014-02-25 16:32:37 +0200
DEBUG  Mapper::Base : AMQP started 2014-02-25 16:32:37 +0200
DEBUG  Mapper::Base : Mapper has been started 2014-02-25 16:33:25 +0200
DEBUG  Mapper::Base : AMQP started 2014-02-25 16:33:25 +0200
DEBUG  Mapper::Base : Mapper has been started 2014-02-25 16:33:39 +0200
DEBUG  Mapper::Base : AMQP started 2014-02-25 16:33:39 +0200
DEBUG  Mapper::Base : Mapper has been started 2014-02-25 16:34:16 +0200
DEBUG  Mapper::Base : AMQP started 2014-02-25 16:34:16 +0200
DEBUG  Mapper::Base : Mapper has been started 2014-02-25 16:34:25 +0200
DEBUG  Mapper::Base : AMQP started 2014-02-25 16:34:25 +0200
DEBUG  Mapper::Base : Mapper has been started 2014-02-25 16:45:30 +0200
DEBUG  Mapper::Base : AMQP started 2014-02-25 16:45:30 +0200
DEBUG  Mapper::Base : Mapper has been started 2014-02-25 16:46:13 +0200
DEBUG  Mapper::Base : AMQP started 2014-02-25 16:46:13 +0200
DEBUG  Mapper::Base : Mapper has been started 2014-02-25 16:46:40 +0200
DEBUG  Mapper::Base : AMQP started 2014-02-25 16:46:40 +0200
DEBUG  Mapper::Base : Mapper has been started 2014-02-25 16:46:51 +0200
DEBUG  Mapper::Base : AMQP started 2014-02-25 16:46:51 +0200
DEBUG  Mapper::Base : Mapper has been started 2014-02-25 16:47:19 +0200
DEBUG  Mapper::Base : AMQP started 2014-02-25 16:47:19 +0200
DEBUG  Mapper::Base : Mapper has been started 2014-02-25 16:54:52 +0200
DEBUG  Mapper::Base : AMQP started 2014-02-25 16:54:52 +0200
DEBUG  Mapper::Base : Mapper has been started 2014-02-25 16:56:02 +0200
DEBUG  Mapper::Base : AMQP started 2014-02-25 16:56:02 +0200
DEBUG  Mapper::Base : Mapper has been started 2014-02-25 16:56:47 +0200
DEBUG  Mapper::Base : AMQP started 2014-02-25 16:56:47 +0200
DEBUG  Mapper::Base : Mapper has been started 2014-02-25 16:58:14 +0200
DEBUG  Mapper::Base : AMQP started 2014-02-25 16:58:14 +0200
DEBUG  Mapper::Base : Mapper has been started 2014-02-25 16:58:54 +0200
DEBUG  Mapper::Base : AMQP started 2014-02-25 16:58:54 +0200
DEBUG  Mapper::Base : Mapper has been started 2014-02-25 17:00:11 +0200
DEBUG  Mapper::Base : AMQP started 2014-02-25 17:00:11 +0200
DEBUG  Mapper::Base : Mapper has been started 2014-02-25 17:00:49 +0200
DEBUG  Mapper::Base : AMQP started 2014-02-25 17:00:49 +0200
DEBUG  Mapper::Base : Mapper has been started 2014-02-25 17:01:23 +0200
DEBUG  Mapper::Base : AMQP started 2014-02-25 17:01:23 +0200
DEBUG  Mapper::Base : Mapper has been started 2014-02-25 17:02:34 +0200
DEBUG  Mapper::Base : AMQP started 2014-02-25 17:02:34 +0200
DEBUG  Mapper::Base : Mapper has been started 2014-02-25 17:05:05 +0200
DEBUG  Mapper::Base : AMQP started 2014-02-25 17:05:05 +0200
DEBUG  Mapper::Base : Mapper has been started 2014-02-25 17:07:47 +0200
DEBUG  Mapper::Base : AMQP started 2014-02-25 17:07:47 +0200
DEBUG  Mapper::Base : Mapper has been started 2014-02-25 17:21:16 +0200
DEBUG  Mapper::Base : AMQP started 2014-02-25 17:21:16 +0200
DEBUG  Mapper::Base : Mapper has been started 2014-02-25 17:21:58 +0200
DEBUG  Mapper::Base : AMQP started 2014-02-25 17:21:58 +0200
DEBUG  Mapper::Base : Mapper has been started 2014-02-25 17:22:29 +0200
DEBUG  Mapper::Base : AMQP started 2014-02-25 17:22:29 +0200
DEBUG  Mapper::Base : Mapper has been started 2014-02-25 17:25:04 +0200
DEBUG  Mapper::Base : AMQP started 2014-02-25 17:25:04 +0200
DEBUG  Mapper::Base : Mapper has been started 2014-02-25 17:25:22 +0200
DEBUG  Mapper::Base : AMQP started 2014-02-25 17:25:22 +0200
DEBUG  Mapper::Base : Mapper has been started 2014-02-25 17:26:07 +0200
DEBUG  Mapper::Base : AMQP started 2014-02-25 17:26:07 +0200
DEBUG  Mapper::Base : Mapper has been started 2014-02-25 17:26:26 +0200
DEBUG  Mapper::Base : AMQP started 2014-02-25 17:26:26 +0200
DEBUG  Mapper::Base : Mapper has been started 2014-02-25 17:27:21 +0200
DEBUG  Mapper::Base : AMQP started 2014-02-25 17:27:21 +0200
DEBUG  Mapper::Base : Mapper has been started 2014-02-25 17:27:32 +0200
DEBUG  Mapper::Base : AMQP started 2014-02-25 17:27:32 +0200
DEBUG  Mapper::Base : Mapper has been started 2014-02-25 17:28:22 +0200
DEBUG  Mapper::Base : AMQP started 2014-02-25 17:28:22 +0200
DEBUG  Mapper::Base : Mapper has been started 2014-02-25 17:28:48 +0200
DEBUG  Mapper::Base : AMQP started 2014-02-25 17:28:48 +0200
DEBUG  Mapper::Base : Mapper has been started 2014-02-25 17:29:41 +0200
DEBUG  Mapper::Base : AMQP started 2014-02-25 17:29:41 +0200
DEBUG  Mapper::Base : Mapper has been started 2014-02-25 17:32:27 +0200
DEBUG  Mapper::Base : AMQP started 2014-02-25 17:32:27 +0200
DEBUG  Mapper::Base : Mapper has been started 2014-02-25 17:33:37 +0200
DEBUG  Mapper::Base : AMQP started 2014-02-25 17:33:37 +0200
DEBUG  Mapper::Base : Mapper has been started 2014-02-25 17:34:04 +0200
DEBUG  Mapper::Base : AMQP started 2014-02-25 17:34:04 +0200
DEBUG  Mapper::Base : Mapper has been started 2014-02-25 17:34:20 +0200
DEBUG  Mapper::Base : AMQP started 2014-02-25 17:34:20 +0200
DEBUG  Mapper::Base : Mapper has been started 2014-02-25 17:34:39 +0200
DEBUG  Mapper::Base : AMQP started 2014-02-25 17:34:39 +0200
DEBUG  Mapper::Base : Mapper has been started 2014-02-25 22:02:41 +0200
DEBUG  Mapper::Base : AMQP started 2014-02-25 22:02:41 +0200
DEBUG  Mapper::Base : Mapper has been started 2014-02-25 23:53:56 +0200
DEBUG  Mapper::Base : AMQP started 2014-02-25 23:53:56 +0200
DEBUG  Mapper::Base : Mapper has been started 2014-02-25 23:54:12 +0200
DEBUG  Mapper::Base : AMQP started 2014-02-25 23:54:12 +0200
DEBUG  Mapper::Base : Mapper has been started 2014-02-25 23:55:13 +0200
DEBUG  Mapper::Base : AMQP started 2014-02-25 23:55:13 +0200
DEBUG  Mapper::Base : Mapper has been started 2014-02-25 23:55:41 +0200
DEBUG  Mapper::Base : AMQP started 2014-02-25 23:55:41 +0200
DEBUG  Mapper::Base : Mapper has been started 2014-02-26 00:03:05 +0200
DEBUG  Mapper::Base : AMQP started 2014-02-26 00:03:05 +0200
DEBUG  Mapper::Base : Mapper has been started 2014-02-26 00:03:16 +0200
DEBUG  Mapper::Base : AMQP started 2014-02-26 00:03:16 +0200
DEBUG  Mapper::Base : Mapper has been started 2014-02-26 00:04:09 +0200
DEBUG  Mapper::Base : AMQP started 2014-02-26 00:04:09 +0200
DEBUG  Mapper::Base : Mapper has been started 2014-02-26 00:04:23 +0200
DEBUG  Mapper::Base : AMQP started 2014-02-26 00:04:23 +0200
DEBUG  Mapper::Base : Mapper has been started 2014-02-26 00:04:48 +0200
DEBUG  Mapper::Base : AMQP started 2014-02-26 00:04:49 +0200
DEBUG  Mapper::Base : Mapper has been started 2014-02-26 00:05:12 +0200
DEBUG  Mapper::Base : AMQP started 2014-02-26 00:05:12 +0200
DEBUG  Mapper::Base : Mapper has been started 2014-02-26 00:05:51 +0200
DEBUG  Mapper::Base : AMQP started 2014-02-26 00:05:51 +0200
DEBUG  Mapper::Base : Mapper has been started 2014-02-26 00:05:59 +0200
DEBUG  Mapper::Base : AMQP started 2014-02-26 00:05:59 +0200
DEBUG  Mapper::Base : Mapper has been started 2014-02-26 00:06:10 +0200
DEBUG  Mapper::Base : AMQP started 2014-02-26 00:06:10 +0200
DEBUG  Mapper::Base : Mapper has been started 2014-02-26 09:52:54 +0200
DEBUG  Mapper::Base : AMQP started 2014-02-26 09:52:54 +0200
DEBUG  Mapper::Base : Mapper has been started 2014-02-26 09:53:13 +0200
DEBUG  Mapper::Base : AMQP started 2014-02-26 09:53:13 +0200
DEBUG  Mapper::Base : Mapper has been started 2014-02-26 09:53:44 +0200
DEBUG  Mapper::Base : AMQP started 2014-02-26 09:53:44 +0200
DEBUG  Mapper::Base : Mapper has been started 2014-02-26 10:01:40 +0200
DEBUG  Mapper::Base : AMQP started 2014-02-26 10:01:40 +0200
DEBUG  Mapper::Base : Mapper has been started 2014-02-26 10:02:04 +0200
DEBUG  Mapper::Base : AMQP started 2014-02-26 10:02:04 +0200
DEBUG  Mapper::Base : Mapper has been started 2014-02-26 10:02:55 +0200
DEBUG  Mapper::Base : AMQP started 2014-02-26 10:02:55 +0200
DEBUG  Mapper::Base : Mapper has been started 2014-02-26 10:04:14 +0200
DEBUG  Mapper::Base : AMQP started 2014-02-26 10:04:14 +0200
DEBUG  Mapper::Base : Mapper has been started 2014-02-26 10:06:33 +0200
DEBUG  Mapper::Base : AMQP started 2014-02-26 10:06:33 +0200
DEBUG  Mapper::Base : Mapper has been started 2014-02-26 10:06:41 +0200
DEBUG  Mapper::Base : AMQP started 2014-02-26 10:06:41 +0200
DEBUG  Mapper::Base : Mapper has been started 2014-02-26 10:08:16 +0200
DEBUG  Mapper::Base : AMQP started 2014-02-26 10:08:16 +0200
DEBUG  Mapper::Base : Mapper has been started 2014-02-26 10:08:25 +0200
DEBUG  Mapper::Base : AMQP started 2014-02-26 10:08:25 +0200
DEBUG  Mapper::Base : Mapper has been started 2014-02-26 10:12:13 +0200
DEBUG  Mapper::Base : AMQP started 2014-02-26 10:12:13 +0200
DEBUG  Mapper::Base : Mapper has been started 2014-02-26 10:12:25 +0200
DEBUG  Mapper::Base : AMQP started 2014-02-26 10:12:25 +0200
DEBUG  Mapper::Base : Mapper has been started 2014-02-26 10:14:18 +0200
DEBUG  Mapper::Base : AMQP started 2014-02-26 10:14:18 +0200
DEBUG  Mapper::Base : Mapper has been started 2014-02-26 10:30:33 +0200
DEBUG  Mapper::Base : AMQP started 2014-02-26 10:30:33 +0200
DEBUG  Mapper::Base : Mapper has been started 2014-02-26 10:30:43 +0200
DEBUG  Mapper::Base : AMQP started 2014-02-26 10:30:43 +0200
DEBUG  Mapper::Base : Mapper has been started 2014-02-26 10:30:53 +0200
DEBUG  Mapper::Base : AMQP started 2014-02-26 10:30:53 +0200
DEBUG  Mapper::Base : Mapper has been started 2014-02-26 10:33:56 +0200
DEBUG  Mapper::Base : Mapper has been started 2014-02-26 10:40:56 +0200
DEBUG  Mapper::Base : AMQP started 2014-02-26 10:40:56 +0200
DEBUG  Mapper::Base : Mapper has been started 2014-02-26 10:42:57 +0200
DEBUG  Mapper::Base : Mapper has been started 2014-02-26 10:43:26 +0200
DEBUG  Mapper::Base : Mapper has been started 2014-02-26 10:46:48 +0200
DEBUG  Mapper::Base : AMQP started 2014-02-26 10:46:48 +0200
DEBUG  Mapper::Base : Mapper has been started 2014-02-26 10:47:02 +0200
DEBUG  Mapper::Base : AMQP started 2014-02-26 10:47:02 +0200
DEBUG  Mapper::Base : Mapper has been started 2014-02-26 10:47:42 +0200
DEBUG  Mapper::Base : AMQP started 2014-02-26 10:47:42 +0200
DEBUG  Mapper::Base : Mapper has been started 2014-02-26 10:47:55 +0200
DEBUG  Mapper::Base : Mapper has been started 2014-02-26 10:58:43 +0200
DEBUG  Mapper::Base : AMQP started 2014-02-26 10:58:43 +0200
DEBUG  Mapper::Base : Mapper has been started 2014-02-26 10:58:50 +0200
DEBUG  Mapper::Base : AMQP started 2014-02-26 10:58:50 +0200
DEBUG  Mapper::Base : Mapper has been started 2014-02-26 10:58:56 +0200
DEBUG  Mapper::Base : AMQP started 2014-02-26 10:58:56 +0200
DEBUG  Mapper::Base : Mapper has been started 2014-02-26 10:59:54 +0200
DEBUG  Mapper::Base : AMQP started 2014-02-26 10:59:54 +0200
DEBUG  Mapper::Base : Mapper has been started 2014-02-26 11:00:42 +0200
DEBUG  Mapper::Base : AMQP started 2014-02-26 11:00:42 +0200
DEBUG  Mapper::Base : Mapper has been started 2014-02-26 11:01:14 +0200
DEBUG  Mapper::Base : AMQP started 2014-02-26 11:01:14 +0200
DEBUG  Mapper::Base : Mapper has been started 2014-02-26 11:01:50 +0200
DEBUG  Mapper::Base : AMQP started 2014-02-26 11:01:50 +0200
DEBUG  Mapper::Base : Mapper has been started 2014-02-26 11:01:58 +0200
DEBUG  Mapper::Base : AMQP started 2014-02-26 11:01:58 +0200
DEBUG  Mapper::Base : Mapper has been started 2014-02-26 11:03:44 +0200
DEBUG  Mapper::Base : AMQP started 2014-02-26 11:03:44 +0200
DEBUG  Mapper::Base : Mapper has been started 2014-02-26 11:04:42 +0200
DEBUG  Mapper::Base : AMQP started 2014-02-26 11:04:42 +0200
DEBUG  Mapper::Base : Mapper has been started 2014-02-26 11:06:35 +0200
DEBUG  Mapper::Base : Mapper has been started 2014-02-26 11:06:35 +0200
DEBUG  Mapper::Base : AMQP started 2014-02-26 11:06:36 +0200
DEBUG  Mapper::Base : Mapper has been started 2014-02-26 11:07:21 +0200
DEBUG  Mapper::Base : Mapper has been started 2014-02-26 11:07:22 +0200
DEBUG  Mapper::Base : AMQP started 2014-02-26 11:07:22 +0200
DEBUG  Mapper::Base : Mapper has been started 2014-02-26 11:07:58 +0200
DEBUG  Mapper::Base : AMQP started 2014-02-26 11:07:58 +0200
DEBUG  Mapper::Base : Mapper has been started 2014-02-26 11:08:53 +0200
DEBUG  Mapper::Base : Mapper has been started 2014-02-26 11:10:48 +0200
DEBUG  Mapper::Base : Mapper has been started 2014-02-26 11:11:01 +0200
DEBUG  Mapper::Base : Mapper has been started 2014-02-26 11:11:53 +0200
DEBUG  Mapper::Base : Mapper has been started 2014-02-26 11:14:11 +0200
DEBUG  Mapper::Base : Mapper has been started 2014-02-26 11:15:10 +0200
DEBUG  Mapper::Base : Mapper has been started 2014-02-26 11:15:24 +0200
DEBUG  Mapper::Base : Mapper has been started 2014-02-26 11:16:52 +0200
DEBUG  Mapper::Base : Mapper has been started 2014-02-26 11:18:33 +0200
DEBUG  Mapper::Base : Mapper has been started 2014-02-26 11:21:54 +0200
DEBUG  Mapper::Base : Mapper has been started 2014-02-26 11:22:46 +0200
DEBUG  Mapper::Base : Mapper has been started 2014-02-26 11:25:05 +0200
DEBUG  Mapper::Base : Mapper has been started 2014-02-26 14:22:13 +0200
DEBUG  Mapper::Base : Mapper has been started 2014-02-26 14:23:28 +0200
DEBUG  Mapper::Base : Mapper has been started 2014-02-26 14:23:50 +0200
DEBUG  Mapper::Base : Mapper has been started 2014-02-26 14:26:55 +0200
DEBUG  Mapper::Base : Mapper has been started 2014-02-26 14:27:15 +0200
DEBUG  Mapper::Base : Mapper has been started 2014-02-26 14:27:54 +0200
DEBUG  Mapper::Base : Mapper has been started 2014-02-26 14:28:28 +0200
DEBUG  Mapper::Base : Mapper has been started 2014-02-26 14:30:00 +0200
DEBUG  Mapper::Base : Mapper has been started 2014-02-26 14:34:01 +0200
DEBUG  Mapper::Base : Mapper has been started 2014-02-26 14:41:12 +0200
DEBUG  Mapper::Base : Mapper has been started 2014-02-26 14:41:51 +0200
DEBUG  Mapper::Base : Mapper has been started 2014-02-26 14:42:23 +0200
DEBUG  Mapper::Base : Mapper has been started 2014-02-26 14:44:28 +0200
DEBUG  Mapper::Base : Mapper has been started 2014-02-26 14:47:11 +0200
DEBUG  Mapper::Base : Mapper has been started 2014-02-26 14:54:51 +0200
DEBUG  Mapper::Base : Mapper has been started 2014-02-26 14:55:50 +0200
DEBUG  Mapper::Base : Mapper has been started 2014-02-26 14:57:27 +0200
DEBUG  Mapper::Base : Mapper has been started 2014-02-26 14:58:13 +0200
DEBUG  Mapper::Base : Mapper has been started 2014-02-26 15:00:01 +0200
DEBUG  Mapper::Base : AMQP started 2014-02-26 15:00:01 +0200
DEBUG  Mapper::Base : Mapper has been started 2014-02-26 15:06:51 +0200
DEBUG  Mapper::Base : AMQP started 2014-02-26 15:06:51 +0200
DEBUG  Mapper::Base : Mapper has been started 2014-02-26 15:10:38 +0200
DEBUG  Mapper::Base : AMQP started 2014-02-26 15:10:38 +0200
DEBUG  Mapper::Base : Mapper has been started 2014-02-26 15:12:34 +0200
DEBUG  Mapper::Base : AMQP started 2014-02-26 15:12:34 +0200
DEBUG  Mapper::Base : Mapper has been started 2014-02-26 15:14:05 +0200
DEBUG  Mapper::Base : AMQP started 2014-02-26 15:14:05 +0200
DEBUG  Mapper::Base : Received message start
DEBUG  Mapper::Base : Mapper has been started 2014-02-26 15:17:36 +0200
DEBUG  Mapper::Base : Mapper has been started 2014-02-26 15:18:37 +0200
DEBUG  Mapper::Base : AMQP started 2014-02-26 15:18:37 +0200
DEBUG  Mapper::Base : Received message start
DEBUG  Mapper::Base : Mapper has been started 2014-02-26 15:19:58 +0200
DEBUG  Mapper::Base : AMQP started 2014-02-26 15:19:58 +0200
DEBUG  Mapper::Base : Received message test
DEBUG  Mapper::Base : Mapper has been started 2014-02-26 15:20:10 +0200
DEBUG  Mapper::Base : AMQP started 2014-02-26 15:20:10 +0200
DEBUG  Mapper::Base : Received message hello
DEBUG  Mapper::Base : Mapper has been started 2014-02-26 15:20:43 +0200
DEBUG  Mapper::Base : AMQP started 2014-02-26 15:20:43 +0200
DEBUG  Mapper::Base : Mapper has been started 2014-02-26 15:21:04 +0200
DEBUG  Mapper::Base : Mapper has been started 2014-02-26 15:22:38 +0200
DEBUG  Mapper::Base : Received message test
DEBUG  Mapper::Base : Mapper has been started 2014-02-26 15:22:48 +0200
DEBUG  Mapper::Base : AMQP started 2014-02-26 15:22:48 +0200
DEBUG  Mapper::Base : Mapper has been started 2014-02-26 15:23:18 +0200
DEBUG  Mapper::Base : Received message test
DEBUG  Mapper::Base : Mapper has been started 2014-02-26 15:23:49 +0200
DEBUG  Mapper::Base : AMQP started 2014-02-26 15:23:49 +0200
DEBUG  Mapper::Base : Received message Rspec welcomes you!
DEBUG  Mapper::Base : Mapper has been started 2014-02-26 15:23:58 +0200
DEBUG  Mapper::Base : Mapper has been started 2014-02-26 15:38:35 +0200
DEBUG  Mapper::Base : Mapper has been started 2014-02-26 15:57:34 +0200
DEBUG  Mapper::Base : Mapper has been started 2014-02-26 15:58:05 +0200
DEBUG  Mapper::Base : Mapper has been started 2014-02-26 15:58:25 +0200
DEBUG  Mapper::Base : Mapper has been started 2014-02-26 15:58:43 +0200
DEBUG  Mapper::Base : Mapper has been started 2014-02-26 16:21:35 +0200
DEBUG  Mapper::Base : Mapper has been started 2014-02-26 16:22:52 +0200
DEBUG  Mapper::Base : Mapper has been started 2014-02-26 16:23:22 +0200
DEBUG  Mapper::Base : Mapper has been started 2014-02-26 16:23:55 +0200
DEBUG  Mapper::Base : Mapper has been started 2014-02-26 16:25:44 +0200
DEBUG  Mapper::Base : Mapper has been started 2014-02-26 16:26:12 +0200
DEBUG  Mapper::Base : Mapper has been started 2014-02-26 16:50:24 +0200
DEBUG  Mapper::Base : Mapper has been started 2014-02-26 16:51:24 +0200
DEBUG  Mapper::Base : Mapper has been started 2014-02-26 16:57:10 +0200
DEBUG  Mapper::Base : Mapper has been started 2014-02-26 16:57:48 +0200
DEBUG  Mapper::Base : Mapper has been started 2014-02-26 16:58:30 +0200
DEBUG  Mapper::Base : Mapper has been started 2014-02-26 17:10:09 +0200
DEBUG  Mapper::Base : Mapper has been started 2014-02-26 17:10:46 +0200
DEBUG  Mapper::Base : Mapper has been started 2014-02-26 17:12:23 +0200
DEBUG  Mapper::Base : Mapper has been started 2014-02-26 17:12:49 +0200
DEBUG  Mapper::Base : Mapper has been started 2014-02-26 17:13:21 +0200
DEBUG  Mapper::Base : Mapper has been started 2014-02-26 17:13:48 +0200
DEBUG  Mapper::Base : Mapper has been started 2014-02-26 17:14:36 +0200
DEBUG  Mapper::Base : Mapper has been started 2014-02-26 17:15:00 +0200
DEBUG  Mapper::Base : Mapper has been started 2014-02-26 17:15:34 +0200
DEBUG  Mapper::Base : Mapper has been started 2014-02-26 17:18:22 +0200
DEBUG  Mapper::Base : Mapper has been started 2014-02-26 17:19:25 +0200
DEBUG  Mapper::Base : Mapper has been started 2014-02-26 17:20:18 +0200
DEBUG  Mapper::Base : Mapper has been started 2014-02-26 17:20:55 +0200
DEBUG  Mapper::Base : Mapper has been started 2014-02-26 17:21:14 +0200
DEBUG  Mapper::Base : Mapper has been started 2014-02-26 17:21:34 +0200
DEBUG  Mapper::Base : Mapper has been started 2014-02-26 17:22:03 +0200
DEBUG  Mapper::Base : Mapper has been started 2014-02-26 17:22:19 +0200
DEBUG  Mapper::Base : Mapper has been started 2014-02-26 17:22:58 +0200
DEBUG  Mapper::Base : Mapper has been started 2014-02-26 17:23:29 +0200
DEBUG  Mapper::Base : Mapper has been started 2014-02-26 17:23:46 +0200
DEBUG  Mapper::Base : Mapper has been started 2014-02-26 17:24:28 +0200
DEBUG  Mapper::Base : Mapper has been started 2014-02-26 17:25:15 +0200
DEBUG  Mapper::Base : Mapper has been started 2014-02-27 12:53:46 +0200
DEBUG  Mapper::Base : Mapper has been started 2014-02-27 13:15:40 +0200
DEBUG  Mapper::Base : Mapper has been started 2014-02-27 13:18:12 +0200
DEBUG  Mapper::Base : Mapper has been started 2014-02-27 13:28:39 +0200
DEBUG  Mapper::Base : Mapper has been started 2014-02-27 13:30:51 +0200
DEBUG  Mapper::Base : Mapper has been started 2014-02-27 13:32:27 +0200
DEBUG  Mapper::Base : Mapper has been started 2014-02-27 13:32:45 +0200
DEBUG  Mapper::Base : Mapper has been started 2014-02-27 13:33:47 +0200
DEBUG  Mapper::Base : Mapper has been started 2014-02-27 13:37:13 +0200
DEBUG  Mapper::Base : Mapper has been started 2014-02-27 13:41:02 +0200
DEBUG  Mapper::Base : Mapper has been started 2014-02-27 13:41:57 +0200
DEBUG  Mapper::Base : Mapper has been started 2014-02-27 13:42:41 +0200
DEBUG  Mapper::Base : Mapper has been started 2014-02-27 13:42:58 +0200
DEBUG  Mapper::Base : Mapper has been started 2014-02-27 13:43:12 +0200
DEBUG  Mapper::Base : Mapper has been started 2014-02-27 13:44:10 +0200
DEBUG  Mapper::Base : Mapper has been started 2014-02-27 13:45:21 +0200
DEBUG  Mapper::Base : Mapper has been started 2014-02-27 13:45:39 +0200
DEBUG  Mapper::Base : Mapper has been started 2014-02-27 13:46:14 +0200
DEBUG  Mapper::Base : Mapper has been started 2014-02-27 13:47:09 +0200
DEBUG  Mapper::Base : Mapper has been started 2014-02-27 13:47:30 +0200
DEBUG  Mapper::Base : Mapper has been started 2014-02-27 13:47:44 +0200
DEBUG  Mapper::Base : Mapper has been started 2014-02-27 15:17:50 +0200
DEBUG  Mapper::Base : Mapper has been started 2014-02-27 15:18:30 +0200
DEBUG  Mapper::Base : Mapper has been started 2014-02-27 15:19:17 +0200
DEBUG  Mapper::Base : Mapper has been started 2014-02-27 15:20:01 +0200
DEBUG  Mapper::Base : Mapper has been started 2014-02-27 15:21:04 +0200
DEBUG  Mapper::Base : Mapper has been started 2014-02-27 15:23:16 +0200
DEBUG  Mapper::Base : Mapper has been started 2014-02-27 15:24:29 +0200
DEBUG  Mapper::Base : Mapper has been started 2014-02-27 15:25:16 +0200
DEBUG  Mapper::Base : Mapper has been started 2014-02-27 15:25:54 +0200
DEBUG  Mapper::Base : Mapper has been started 2014-02-27 15:27:38 +0200
DEBUG  Mapper::Base : Mapper has been started 2014-02-27 15:28:25 +0200
DEBUG  Mapper::Base : Mapper has been started 2014-02-27 15:29:21 +0200
DEBUG  Mapper::Base : Mapper has been started 2014-02-27 15:30:25 +0200
DEBUG  Mapper::Base : Mapper has been started 2014-02-27 15:50:45 +0200
DEBUG  Mapper::Base : Mapper has been started 2014-02-27 15:56:17 +0200
DEBUG  Mapper::Base : Mapper has been started 2014-02-27 15:57:14 +0200
DEBUG  Mapper::Base : Mapper has been started 2014-02-27 15:59:17 +0200
DEBUG  Mapper::Base : Mapper has been started 2014-02-27 16:01:17 +0200
DEBUG  Mapper::Base : Mapper has been started 2014-02-27 16:03:14 +0200
DEBUG  Mapper::Base : Mapper has been started 2014-02-27 16:16:55 +0200
DEBUG  Mapper::Base : Mapper has been started 2014-02-27 16:20:23 +0200
DEBUG  Mapper::Base : Mapper has been started 2014-02-27 16:33:09 +0200
DEBUG  Mapper::Base : Mapper has been started 2014-02-27 16:33:59 +0200
DEBUG  Mapper::Base : Mapper has been started 2014-02-27 16:35:09 +0200
DEBUG  Mapper::Base : Mapper has been started 2014-02-27 16:35:49 +0200
DEBUG  Mapper::Base : Mapper has been started 2014-02-27 16:49:01 +0200
DEBUG  Mapper::Base : Mapper has been started 2014-02-27 17:20:18 +0200
DEBUG  Mapper::Base : Mapper has been started 2014-02-27 17:20:42 +0200
DEBUG  Mapper::Base : Mapper has been started 2014-02-27 17:21:22 +0200
DEBUG  Mapper::Base : Mapper has been started 2014-02-27 17:23:06 +0200
DEBUG  Mapper::Base : Mapper has been started 2014-02-27 17:24:53 +0200
DEBUG  Mapper::Base : Mapper has been started 2014-02-27 17:25:49 +0200
DEBUG  Mapper::Base : Mapper has been started 2014-02-27 17:27:02 +0200
DEBUG  Mapper::Base : Mapper has been started 2014-02-27 17:27:59 +0200
DEBUG  Mapper::Base : Mapper has been started 2014-02-27 17:28:16 +0200
DEBUG  Mapper::Base : Mapper has been started 2014-02-27 17:30:05 +0200
DEBUG  Mapper::Base : Mapper has been started 2014-02-27 17:31:13 +0200
DEBUG  Mapper::Base : Mapper has been started 2014-02-27 17:35:15 +0200
DEBUG  Mapper::Base : Mapper has been started 2014-02-27 17:40:55 +0200
DEBUG  Mapper::Base : Mapper has been started 2014-02-27 17:43:25 +0200
DEBUG  Mapper::Base : Mapper has been started 2014-02-27 17:43:47 +0200
DEBUG  Mapper::Base : Mapper has been started 2014-02-28 12:57:41 +0200
DEBUG  Mapper::Base : Mapper has been started 2014-02-28 13:08:03 +0200
DEBUG  Mapper::Base : Mapper has been started 2014-02-28 13:11:10 +0200
DEBUG  Mapper::Base : Mapper has been started 2014-02-28 13:12:20 +0200
DEBUG  Mapper::Base : Mapper has been started 2014-02-28 13:16:55 +0200
DEBUG  Mapper::Base : Mapper has been started 2014-02-28 13:19:22 +0200
DEBUG  Mapper::Base : Mapper has been started 2014-02-28 13:20:23 +0200
DEBUG  Mapper::Base : Mapper has been started 2014-02-28 13:25:15 +0200
DEBUG  Mapper::Base : Mapper has been started 2014-02-28 13:25:58 +0200
DEBUG  Mapper::Base : Mapper has been started 2014-02-28 13:27:23 +0200
DEBUG  Mapper::Base : Mapper has been started 2014-02-28 13:27:49 +0200
DEBUG  Mapper::Base : Mapper has been started 2014-02-28 14:15:50 +0200
DEBUG  Mapper::Base : Mapper has been started 2014-02-28 14:21:58 +0200
DEBUG  Mapper::Base : Mapper has been started 2014-02-28 14:23:05 +0200
DEBUG  Mapper::Base : Mapper has been started 2014-02-28 14:23:47 +0200
DEBUG  Mapper::Base : Mapper has been started 2014-02-28 14:25:45 +0200
DEBUG  Mapper::Base : Mapper has been started 2014-02-28 14:26:35 +0200
DEBUG  Mapper::Base : Mapper has been started 2014-02-28 14:29:10 +0200
DEBUG  Mapper::Base : Mapper has been started 2014-02-28 14:31:15 +0200
DEBUG  Mapper::Base : Mapper has been started 2014-02-28 14:32:00 +0200
DEBUG  Mapper::Base : Mapper has been started 2014-02-28 14:33:06 +0200
DEBUG  Mapper::Base : Mapper has been started 2014-02-28 14:34:41 +0200
DEBUG  Mapper::Base : Mapper has been started 2014-02-28 14:41:34 +0200
DEBUG  Mapper::Base : Mapper has been started 2014-02-28 14:42:34 +0200
DEBUG  Mapper::Base : Mapper has been started 2014-02-28 14:43:22 +0200
DEBUG  Mapper::Base : Mapper has been started 2014-02-28 14:43:45 +0200
DEBUG  Mapper::Base : Mapper has been started 2014-02-28 14:45:09 +0200
DEBUG  Mapper::Base : Mapper has been started 2014-02-28 14:46:17 +0200
DEBUG  Mapper::Base : Mapper has been started 2014-02-28 14:47:47 +0200
DEBUG  Mapper::Base : Mapper has been started 2014-02-28 14:48:44 +0200
DEBUG  Mapper::Base : Mapper has been started 2014-02-28 14:49:59 +0200
DEBUG  Mapper::Base : Mapper has been started 2014-02-28 14:52:41 +0200
DEBUG  Mapper::Base : Mapper has been started 2014-02-28 14:53:12 +0200
DEBUG  Mapper::Base : Mapper has been started 2014-02-28 14:53:59 +0200
DEBUG  Mapper::Base : Mapper has been started 2014-02-28 14:55:29 +0200
DEBUG  Mapper::Base : Mapper has been started 2014-02-28 14:56:03 +0200
DEBUG  Mapper::Base : Mapper has been started 2014-02-28 14:57:07 +0200
DEBUG  Mapper::Base : Mapper has been started 2014-02-28 14:57:19 +0200
DEBUG  Mapper::Base : Mapper has been started 2014-02-28 14:57:52 +0200
DEBUG  Mapper::Base : Mapper has been started 2014-02-28 14:59:14 +0200
DEBUG  Mapper::Base : Mapper has been started 2014-02-28 15:00:16 +0200
DEBUG  Mapper::Base : Mapper has been started 2014-02-28 15:00:46 +0200
DEBUG  Mapper::Base : Mapper has been started 2014-02-28 15:02:02 +0200
DEBUG  Mapper::Base : Mapper has been started 2014-02-28 15:03:44 +0200
DEBUG  Mapper::Base : Mapper has been started 2014-02-28 15:04:54 +0200
DEBUG  Mapper::Base : Mapper has been started 2014-02-28 15:06:06 +0200
DEBUG  Mapper::Base : Mapper has been started 2014-02-28 15:06:34 +0200
DEBUG  Mapper::Base : Mapper has been started 2014-02-28 15:06:46 +0200
DEBUG  Mapper::Base : Mapper has been started 2014-02-28 15:08:29 +0200
DEBUG  Mapper::Base : Mapper has been started 2014-02-28 15:11:14 +0200
DEBUG  Mapper::Base : Mapper has been started 2014-02-28 15:12:18 +0200
DEBUG  Mapper::Base : Mapper has been started 2014-02-28 15:13:10 +0200
DEBUG  Mapper::Base : Mapper has been started 2014-02-28 15:14:18 +0200
DEBUG  Mapper::Base : Mapper has been started 2014-02-28 15:15:38 +0200
DEBUG  Mapper::Base : Mapper has been started 2014-02-28 15:16:28 +0200
DEBUG  Mapper::Base : Mapper has been started 2014-02-28 15:18:10 +0200
DEBUG  Mapper::Base : Mapper has been started 2014-02-28 15:20:28 +0200
DEBUG  Mapper::Base : Mapper has been started 2014-02-28 15:24:26 +0200
DEBUG  Mapper::Base : Mapper has been started 2014-02-28 15:26:50 +0200
DEBUG  Mapper::Base : Mapper has been started 2014-02-28 15:27:47 +0200
DEBUG  Mapper::Base : Mapper has been started 2014-02-28 15:30:45 +0200
DEBUG  Mapper::Base : Mapper has been started 2014-02-28 15:32:05 +0200
DEBUG  Mapper::Base : Mapper has been started 2014-02-28 15:33:55 +0200
DEBUG  Mapper::Base : Mapper has been started 2014-02-28 15:54:11 +0200
DEBUG  Mapper::Base : Mapper has been started 2014-02-28 15:54:44 +0200
DEBUG  Mapper::Base : Mapper has been started 2014-02-28 15:55:02 +0200
DEBUG  Mapper::Base : Mapper has been started 2014-02-28 15:55:43 +0200
DEBUG  Mapper::Base : Mapper has been started 2014-02-28 15:58:29 +0200
DEBUG  Mapper::Base : Mapper has been started 2014-02-28 16:22:54 +0200
DEBUG  Mapper::Base : AMQP started 2014-02-28 16:22:54 +0200
DEBUG  Mapper::Base : Received message start_solr
DEBUG  Mapper::Base : Mapper has been started 2014-02-28 16:26:20 +0200
DEBUG  Mapper::Base : Mapper has been started 2014-02-28 16:26:20 +0200
DEBUG  Mapper::Base : AMQP started 2014-02-28 16:26:20 +0200
DEBUG  Mapper::Base : AMQP started 2014-02-28 16:26:20 +0200
DEBUG  Mapper::Base : Received message start_solr
DEBUG  Mapper::Base : Received message start_solr
DEBUG  Mapper::Base : Mapper has been started 2014-02-28 16:27:17 +0200
DEBUG  Mapper::Base : AMQP started 2014-02-28 16:27:17 +0200
DEBUG  Mapper::Base : Received message start_solr
DEBUG  Mapper::Base : Mapper has been started 2014-02-28 16:28:39 +0200
DEBUG  Mapper::Base : AMQP started 2014-02-28 16:28:39 +0200
DEBUG  Mapper::Base : Received message stpp_solr
DEBUG  Mapper::Base : Mapper has been started 2014-02-28 16:29:15 +0200
DEBUG  Mapper::Base : AMQP started 2014-02-28 16:29:15 +0200
DEBUG  Mapper::Base : Received message stop_solr
DEBUG  Mapper::Base : Mapper has been started 2014-02-28 16:30:16 +0200
DEBUG  Mapper::Base : Mapper has been started 2014-02-28 16:31:41 +0200
DEBUG  Mapper::Base : Mapper has been started 2014-02-28 16:32:25 +0200
DEBUG  Mapper::Base : Mapper has been started 2014-02-28 16:40:46 +0200
DEBUG  Mapper::Base : Mapper has been started 2014-02-28 16:41:39 +0200
DEBUG  Mapper::Base : Mapper has been started 2014-02-28 16:42:26 +0200
DEBUG  Mapper::Base : Mapper has been started 2014-02-28 16:43:39 +0200
DEBUG  Mapper::Base : Mapper has been started 2014-02-28 16:44:29 +0200
DEBUG  Mapper::Base : Mapper has been started 2014-02-28 16:45:08 +0200
DEBUG  Mapper::Base : Mapper has been started 2014-03-01 01:26:36 +0200
DEBUG  Mapper::Base : Mapper has been started 2014-03-01 01:30:31 +0200
DEBUG  Mapper::Base : AMQP started 2014-03-01 01:30:31 +0200
DEBUG  Mapper::Base : Received message start_solr
DEBUG  Mapper::Base : Mapper has been started 2014-03-01 01:31:16 +0200
DEBUG  Mapper::Base : AMQP started 2014-03-01 01:31:16 +0200
DEBUG  Mapper::Base : Received message start_solr
DEBUG  Mapper::Base : Mapper has been started 2014-03-01 01:31:28 +0200
DEBUG  Mapper::Base : AMQP started 2014-03-01 01:31:28 +0200
DEBUG  Mapper::Base : Received message start_solr
DEBUG  Mapper::Base : Mapper has been started 2014-03-01 01:42:47 +0200
DEBUG  Mapper::Base : Mapper has been started 2014-03-01 01:43:40 +0200
DEBUG  Mapper::Base : Mapper has been started 2014-03-01 01:44:38 +0200
DEBUG  Mapper::Base : Mapper has been started 2014-03-01 01:45:26 +0200
DEBUG  Mapper::Base : Mapper has been started 2014-03-01 01:47:25 +0200
DEBUG  Mapper::Base : Mapper has been started 2014-03-01 01:52:15 +0200
DEBUG  Mapper::Base : Mapper has been started 2014-03-01 01:52:58 +0200
DEBUG  Mapper::Base : Mapper has been started 2014-03-01 01:53:20 +0200
DEBUG  Mapper::Base : Mapper has been started 2014-03-01 02:00:03 +0200
DEBUG  Mapper::Base : Mapper has been started 2014-03-01 02:07:12 +0200
DEBUG  Mapper::Base : Mapper has been started 2014-03-01 02:08:11 +0200
DEBUG  Mapper::Base : Mapper has been started 2014-03-01 02:08:39 +0200
DEBUG  Mapper::Base : Mapper has been started 2014-03-01 02:09:05 +0200
DEBUG  Mapper::Base : Mapper has been started 2014-03-01 02:11:41 +0200
DEBUG  Mapper::Base : Mapper has been started 2014-03-01 02:12:46 +0200
DEBUG  Mapper::Base : Mapper has been started 2014-03-01 02:13:17 +0200
DEBUG  Mapper::Base : Mapper has been started 2014-03-01 02:13:37 +0200
DEBUG  Mapper::Base : Mapper has been started 2014-03-01 02:15:36 +0200
DEBUG  Mapper::Base : Mapper has been started 2014-03-01 02:15:59 +0200
DEBUG  Mapper::Base : Mapper has been started 2014-03-01 02:23:08 +0200
DEBUG  Mapper::Base : Mapper has been started 2014-03-01 02:24:45 +0200
DEBUG  Mapper::Base : Mapper has been started 2014-03-01 02:41:38 +0200
DEBUG  Mapper::Base : Mapper has been started 2014-03-01 02:43:11 +0200
DEBUG  Mapper::Base : Mapper has been started 2014-03-01 02:44:49 +0200
DEBUG  Mapper::Base : Mapper has been started 2014-03-01 02:46:19 +0200
DEBUG  Mapper::Base : Mapper has been started 2014-03-01 02:48:40 +0200
DEBUG  Mapper::Base : Mapper has been started 2014-03-01 02:49:35 +0200
DEBUG  Mapper::Base : Mapper has been started 2014-03-01 19:41:10 +0200
DEBUG  Mapper::Base : Mapper has been started 2014-03-01 19:45:22 +0200
DEBUG  Mapper::Base : Mapper has been started 2014-03-01 19:46:46 +0200
DEBUG  Mapper::Base : Mapper has been started 2014-03-01 20:44:53 +0200
DEBUG  Mapper::Base : Mapper has been started 2014-03-01 20:47:28 +0200
DEBUG  Mapper::Base : Mapper has been started 2014-03-01 20:48:40 +0200
DEBUG  Mapper::Base : Mapper has been started 2014-03-01 20:54:51 +0200
DEBUG  Mapper::Base : Mapper has been started 2014-03-01 20:55:39 +0200
DEBUG  Mapper::Base : Mapper has been started 2014-03-01 20:58:51 +0200
DEBUG  Mapper::Base : Mapper has been started 2014-03-01 20:59:56 +0200
DEBUG  Mapper::Base : Mapper has been started 2014-03-01 21:00:33 +0200
DEBUG  Mapper::Base : Mapper has been started 2014-03-01 21:06:43 +0200
DEBUG  Mapper::Base : Mapper has been started 2014-03-01 21:07:06 +0200
DEBUG  Mapper::Base : Mapper has been started 2014-03-01 21:07:50 +0200
DEBUG  Mapper::Base : Mapper has been started 2014-03-01 21:09:10 +0200
DEBUG  Mapper::Base : Mapper has been started 2014-03-01 21:10:14 +0200
DEBUG  Mapper::Base : Mapper has been started 2014-03-01 21:11:03 +0200
DEBUG  Mapper::Base : Mapper has been started 2014-03-01 21:12:19 +0200
DEBUG  Mapper::Base : Mapper has been started 2014-03-01 21:13:13 +0200
DEBUG  Mapper::Base : Mapper has been started 2014-03-01 21:14:23 +0200
DEBUG  Mapper::Base : Mapper has been started 2014-03-01 21:17:01 +0200
DEBUG  Mapper::Base : Mapper has been started 2014-03-01 21:17:25 +0200
DEBUG  Mapper::Base : Mapper has been started 2014-03-01 21:18:22 +0200
DEBUG  Mapper::Base : Mapper has been started 2014-03-01 21:18:57 +0200
DEBUG  Mapper::Base : Mapper has been started 2014-03-01 21:20:40 +0200
DEBUG  Mapper::Base : Mapper has been started 2014-03-01 21:21:46 +0200
DEBUG  Mapper::Base : Mapper has been started 2014-03-01 21:22:41 +0200
DEBUG  Mapper::Base : Mapper has been started 2014-03-01 21:23:27 +0200
DEBUG  Mapper::Base : Mapper has been started 2014-03-01 21:24:17 +0200
DEBUG  Mapper::Base : Mapper has been started 2014-03-01 21:25:23 +0200
DEBUG  Mapper::Base : Mapper has been started 2014-03-01 21:27:01 +0200
DEBUG  Mapper::Base : Mapper has been started 2014-03-01 21:27:57 +0200
DEBUG  Mapper::Base : Mapper has been started 2014-03-01 21:36:38 +0200
DEBUG  Mapper::Base : Mapper has been started 2014-03-01 21:37:07 +0200
DEBUG  Mapper::Base : Mapper has been started 2014-03-01 21:37:45 +0200
DEBUG  Mapper::Base : Mapper has been started 2014-03-01 21:39:04 +0200
DEBUG  Mapper::Base : Mapper has been started 2014-03-01 21:41:32 +0200
DEBUG  Mapper::Base : Mapper has been started 2014-03-01 21:42:27 +0200
DEBUG  Mapper::Base : Mapper has been started 2014-03-01 21:43:23 +0200
DEBUG  Mapper::Base : Mapper has been started 2014-03-01 21:45:09 +0200
DEBUG  Mapper::Base : Mapper has been started 2014-03-01 21:45:34 +0200
DEBUG  Mapper::Base : Mapper has been started 2014-03-01 21:46:16 +0200
DEBUG  Mapper::Base : Mapper has been started 2014-03-01 21:46:59 +0200
DEBUG  Mapper::Base : Mapper has been started 2014-03-02 12:09:42 +0200
DEBUG  Mapper::Base : Mapper has been started 2014-03-02 12:22:39 +0200
DEBUG  Mapper::Base : Mapper has been started 2014-03-02 12:46:32 +0200
DEBUG  Mapper::Base : Mapper has been started 2014-03-02 12:47:58 +0200
DEBUG  Mapper::Base : Mapper has been started 2014-03-02 12:48:26 +0200
DEBUG  Mapper::Base : Mapper has been started 2014-03-02 12:48:57 +0200
DEBUG  Mapper::Base : Mapper has been started 2014-03-02 12:49:38 +0200
DEBUG  Mapper::Base : Mapper has been started 2014-03-02 12:50:12 +0200
DEBUG  Mapper::Base : Mapper has been started 2014-03-02 12:50:39 +0200
DEBUG  Mapper::Base : Mapper has been started 2014-03-02 12:51:07 +0200
DEBUG  Mapper::Base : Mapper has been started 2014-03-02 12:52:31 +0200
DEBUG  Mapper::Base : Mapper has been started 2014-03-02 12:53:00 +0200
DEBUG  Mapper::Base : Mapper has been started 2014-03-02 13:30:43 +0200
DEBUG  Mapper::Base : Mapper has been started 2014-03-02 13:31:04 +0200
DEBUG  Mapper::Base : Mapper has been started 2014-03-02 13:31:53 +0200
DEBUG  Mapper::Base : Mapper has been started 2014-03-02 13:32:20 +0200
DEBUG  Mapper::Base : Mapper has been started 2014-03-02 13:33:13 +0200
DEBUG  Mapper::Base : Mapper has been started 2014-03-02 13:33:51 +0200
DEBUG  Mapper::Base : Mapper has been started 2014-03-02 13:35:00 +0200
DEBUG  Mapper::Base : Mapper has been started 2014-03-02 13:36:12 +0200
DEBUG  Mapper::Base : Mapper has been started 2014-03-02 13:36:55 +0200
DEBUG  Mapper::Base : Mapper has been started 2014-03-02 13:37:58 +0200
DEBUG  Mapper::Base : Mapper has been started 2014-03-02 13:40:03 +0200
DEBUG  Mapper::Base : Mapper has been started 2014-03-02 13:48:12 +0200
DEBUG  Mapper::Base : Mapper has been started 2014-03-02 13:48:35 +0200
DEBUG  Mapper::Base : Mapper has been started 2014-03-02 13:49:49 +0200
DEBUG  Mapper::Base : Mapper has been started 2014-03-02 13:50:05 +0200
DEBUG  Mapper::Base : Mapper has been started 2014-03-02 13:50:29 +0200
DEBUG  Mapper::Base : Mapper has been started 2014-03-02 13:50:56 +0200
DEBUG  Mapper::Base : Mapper has been started 2014-03-02 22:05:20 +0200
DEBUG  Mapper::Base : Mapper has been started 2014-03-02 22:06:45 +0200
DEBUG  Mapper::Base : Mapper has been started 2014-03-02 22:09:53 +0200
DEBUG  Mapper::Base : Mapper has been started 2014-03-02 22:20:07 +0200
DEBUG  Mapper::Base : Mapper has been started 2014-03-02 22:20:54 +0200
DEBUG  Mapper::Base : Mapper has been started 2014-03-02 22:22:04 +0200
DEBUG  Mapper::Base : Mapper has been started 2014-03-02 22:22:53 +0200
DEBUG  Mapper::Base : Mapper has been started 2014-03-02 22:24:15 +0200
DEBUG  Mapper::Base : Mapper has been started 2014-03-02 22:26:48 +0200
DEBUG  Mapper::Base : Mapper has been started 2014-03-02 23:16:45 +0200
DEBUG  Mapper::Base : Mapper has been started 2014-03-02 23:19:57 +0200
DEBUG  Mapper::Base : Mapper has been started 2014-03-02 23:22:17 +0200
DEBUG  Mapper::Base : Mapper has been started 2014-03-02 23:25:05 +0200
DEBUG  Mapper::Base : Mapper has been started 2014-03-02 23:47:20 +0200
DEBUG  Mapper::Base : Mapper has been started 2014-03-02 23:48:39 +0200
DEBUG  Mapper::Base : Mapper has been started 2014-03-02 23:49:30 +0200
DEBUG  Mapper::Base : Mapper has been started 2014-03-02 23:50:39 +0200
DEBUG  Mapper::Base : Mapper has been started 2014-03-02 23:52:35 +0200
DEBUG  Mapper::Base : Mapper has been started 2014-03-02 23:53:47 +0200
DEBUG  Mapper::Base : Mapper has been started 2014-03-02 23:54:08 +0200
DEBUG  Mapper::Base : Mapper has been started 2014-03-02 23:55:31 +0200
DEBUG  Mapper::Base : Mapper has been started 2014-03-02 23:55:49 +0200
DEBUG  Mapper::Base : Mapper has been started 2014-03-02 23:56:24 +0200
DEBUG  Mapper::Base : Mapper has been started 2014-03-02 23:56:50 +0200
DEBUG  Mapper::Base : Mapper has been started 2014-03-02 23:57:15 +0200
DEBUG  Mapper::Base : Mapper has been started 2014-03-02 23:57:45 +0200
DEBUG  Mapper::Base : Mapper has been started 2014-03-02 23:58:40 +0200
DEBUG  Mapper::Base : Mapper has been started 2014-03-02 23:59:19 +0200
DEBUG  Mapper::Base : Mapper has been started 2014-03-03 00:00:36 +0200
DEBUG  Mapper::Base : Mapper has been started 2014-03-03 00:01:11 +0200
DEBUG  Mapper::Base : Mapper has been started 2014-03-03 00:01:37 +0200
DEBUG  Mapper::Base : Mapper has been started 2014-03-03 00:02:20 +0200
DEBUG  Mapper::Base : Mapper has been started 2014-03-03 00:03:01 +0200
DEBUG  Mapper::Base : Mapper has been started 2014-03-03 00:04:23 +0200
DEBUG  Mapper::Base : Mapper has been started 2014-03-03 00:04:59 +0200
DEBUG  Mapper::Base : Mapper has been started 2014-03-03 01:10:04 +0200
DEBUG  Mapper::Base : Mapper has been started 2014-03-03 01:11:00 +0200
DEBUG  Mapper::Base : Mapper has been started 2014-03-03 01:12:41 +0200
DEBUG  Mapper::Base : Mapper has been started 2014-03-03 01:13:17 +0200
DEBUG  Mapper::Base : Mapper has been started 2014-03-03 01:14:11 +0200
DEBUG  Mapper::Base : Mapper has been started 2014-03-03 01:14:26 +0200
DEBUG  Mapper::Base : Mapper has been started 2014-03-03 02:35:23 +0200
DEBUG  Mapper::Base : Mapper has been started 2014-03-03 13:38:48 +0200
DEBUG  Mapper::Base : Mapper has been started 2014-03-03 13:41:40 +0200
DEBUG  Mapper::Base : Mapper has been started 2014-03-03 13:42:37 +0200
DEBUG  Mapper::Base : Mapper has been started 2014-03-03 13:49:23 +0200
DEBUG  Mapper::Base : Mapper has been started 2014-03-03 13:51:35 +0200
DEBUG  Mapper::Base : Mapper has been started 2014-03-03 13:53:40 +0200
DEBUG  Mapper::Base : Mapper has been started 2014-03-03 13:54:12 +0200
DEBUG  Mapper::Base : Mapper has been started 2014-03-03 13:55:46 +0200
DEBUG  Mapper::Base : Mapper has been started 2014-03-03 13:57:06 +0200
DEBUG  Mapper::Base : Mapper has been started 2014-03-03 13:57:39 +0200
DEBUG  Mapper::Base : Mapper has been started 2014-03-03 13:58:29 +0200
DEBUG  Mapper::Base : Mapper has been started 2014-03-03 13:58:39 +0200
DEBUG  Mapper::Base : Mapper has been started 2014-03-03 13:59:09 +0200
DEBUG  Mapper::Base : Mapper has been started 2014-03-03 14:00:05 +0200
DEBUG  Mapper::Base : Mapper has been started 2014-03-03 14:00:41 +0200
DEBUG  Mapper::Base : Mapper has been started 2014-03-03 14:01:05 +0200
DEBUG  Mapper::Base : Mapper has been started 2014-03-03 14:01:41 +0200
DEBUG  Mapper::Base : Mapper has been started 2014-03-03 14:02:15 +0200
DEBUG  Mapper::Base : Mapper has been started 2014-03-03 14:03:11 +0200
DEBUG  Mapper::Base : Mapper has been started 2014-03-03 14:03:36 +0200
DEBUG  Mapper::Base : Mapper has been started 2014-03-03 14:05:40 +0200
DEBUG  Mapper::Base : Mapper has been started 2014-03-03 14:06:01 +0200
DEBUG  Mapper::Base : Mapper has been started 2014-03-03 14:08:45 +0200
DEBUG  Mapper::Base : Mapper has been started 2014-03-03 14:09:11 +0200
DEBUG  Mapper::Base : Mapper has been started 2014-03-03 14:09:35 +0200
DEBUG  Mapper::Base : Mapper has been started 2014-03-03 14:09:56 +0200
DEBUG  Mapper::Base : Mapper has been started 2014-03-03 14:11:25 +0200
DEBUG  Mapper::Base : Mapper has been started 2014-03-03 14:12:07 +0200
DEBUG  Mapper::Base : Mapper has been started 2014-03-03 14:12:28 +0200
DEBUG  Mapper::Base : Mapper has been started 2014-03-03 14:14:01 +0200
DEBUG  Mapper::Base : Mapper has been started 2014-03-03 14:14:54 +0200
DEBUG  Mapper::Base : Mapper has been started 2014-03-03 14:15:27 +0200
DEBUG  Mapper::Base : Mapper has been started 2014-03-03 14:16:47 +0200
DEBUG  Mapper::Base : Mapper has been started 2014-03-03 14:17:45 +0200
DEBUG  Mapper::Base : Mapper has been started 2014-03-03 14:18:04 +0200
DEBUG  Mapper::Base : Mapper has been started 2014-03-03 14:18:23 +0200
DEBUG  Mapper::Base : Mapper has been started 2014-03-03 14:20:50 +0200
DEBUG  Mapper::Base : Mapper has been started 2014-03-03 14:22:48 +0200
DEBUG  Mapper::Base : Mapper has been started 2014-03-03 14:24:59 +0200
DEBUG  Mapper::Base : Mapper has been started 2014-03-03 14:42:17 +0200
DEBUG  PriceManager : Operation index has been successfully finished
DEBUG  Mapper::Base : Mapper has been started 2014-03-03 14:44:02 +0200
DEBUG  PriceManager : Operation index has been successfully finished
DEBUG  Mapper::Base : Mapper has been started 2014-03-03 14:46:51 +0200
DEBUG  PriceManager : Operation index has been successfully finished
DEBUG  Mapper::Base : Mapper has been started 2014-03-03 14:47:51 +0200
DEBUG  Mapper::Base : Mapper has been started 2014-03-03 14:48:40 +0200
DEBUG  Mapper::Base : Mapper has been started 2014-03-03 14:49:13 +0200
DEBUG  Mapper::Base : Mapper has been started 2014-03-03 14:49:41 +0200
DEBUG  Mapper::Base : Mapper has been started 2014-03-03 14:50:05 +0200
DEBUG  PriceManager : Operation index has been successfully finished
DEBUG  Mapper::Base : Mapper has been started 2014-03-03 15:21:45 +0200
DEBUG  PriceManager : Operation index has been successfully finished
DEBUG  Mapper::Base : Mapper has been started 2014-03-03 15:23:36 +0200
DEBUG  Mapper::Base : Mapper has been started 2014-03-03 15:24:05 +0200
DEBUG  Mapper::Base : Mapper has been started 2014-03-03 15:24:05 +0200
DEBUG  PriceManager : Operation index has been successfully finished
DEBUG  PriceManager : Operation index has been successfully finished
DEBUG  Mapper::Base : Mapper has been started 2014-03-03 15:33:29 +0200
DEBUG  PriceManager : Operation index has been successfully finished
DEBUG  PriceManager : Operation index has been successfully finished
DEBUG  PriceManager : Operation index has been successfully finished
DEBUG  Mapper::Base : Mapper has been started 2014-03-04 13:53:23 +0200
DEBUG  Mapper::Base : Mapper has been started 2014-03-04 13:53:23 +0200
DEBUG  Mapper::Base : Mapper has been started 2014-03-04 13:53:23 +0200
DEBUG  PriceManager : Operation index has been successfully finished
DEBUG  PriceManager : Operation index has been successfully finished
DEBUG  PriceManager : Operation index has been successfully finished
DEBUG  PriceManager : Operation index has been successfully finished
DEBUG  PriceManager : Operation index has been successfully finished
DEBUG  PriceManager : Operation index has been successfully finished
DEBUG  PriceManager : ktc.xlsx 1 / 5successfully added
DEBUG  PriceManager : price_minimal.xlsx 2 / 5successfully added
DEBUG  PriceManager : kt.xlsx 3 / 5successfully added
DEBUG  PriceManager : Pr1.xlsx 4 / 5successfully added
DEBUG  PriceManager : opt.xlsx 5 / 5successfully added
DEBUG  PriceManager : Operation index has been successfully finished
DEBUG  PriceManager : price_minimal.xlsx 1 / 5successfully added
DEBUG  PriceManager : ktc.xlsx 2 / 5successfully added
DEBUG  PriceManager : kt.xlsx 3 / 5successfully added
DEBUG  PriceManager : Pr1.xlsx 4 / 5successfully added
DEBUG  PriceManager : opt.xlsx 5 / 5successfully added
DEBUG  PriceManager : Operation index has been successfully finished
DEBUG  PriceManager : ktc.xlsx 1 / 5successfully added
DEBUG  PriceManager : price_minimal.xlsx 2 / 5successfully added
DEBUG  PriceManager : kt.xlsx 3 / 5successfully added
DEBUG  PriceManager : Pr1.xlsx 4 / 5successfully added
DEBUG  PriceManager : opt.xlsx 5 / 5successfully added
DEBUG  PriceManager : Operation index has been successfully finished
DEBUG  PriceManager : ktc.xlsx 1 / 5successfully added
DEBUG  PriceManager : ktc.xlsx 1 / 5successfully added
DEBUG  PriceManager : ktc.xlsx 1 / 5successfully added
DEBUG  PriceManager : price_minimal.xlsx 2 / 5successfully added
DEBUG  PriceManager : price_minimal.xlsx 2 / 5successfully added
DEBUG  PriceManager : price_minimal.xlsx 2 / 5successfully added
DEBUG  PriceManager : ktc.xlsx 1 / 5successfully added
DEBUG  PriceManager : ktc.xlsx 1 / 5successfully added
DEBUG  PriceManager : ktc.xlsx 1 / 5successfully added
DEBUG  PriceManager : price_minimal.xlsx 2 / 5successfully added
DEBUG  PriceManager : price_minimal.xlsx 2 / 5successfully added
DEBUG  PriceManager : price_minimal.xlsx 2 / 5successfully added
DEBUG  PriceManager : kt.xlsx 3 / 5successfully added
DEBUG  PriceManager : kt.xlsx 3 / 5successfully added
DEBUG  PriceManager : kt.xlsx 3 / 5successfully added
DEBUG  PriceManager : Pr1.xlsx 4 / 5successfully added
DEBUG  PriceManager : Pr1.xlsx 4 / 5successfully added
DEBUG  PriceManager : Pr1.xlsx 4 / 5successfully added
DEBUG  PriceManager : opt.xlsx 5 / 5successfully added
DEBUG  PriceManager : opt.xlsx 5 / 5successfully added
DEBUG  PriceManager : opt.xlsx 5 / 5successfully added
DEBUG  PriceManager : Operation index has been successfully finished
DEBUG  PriceManager : Operation index has been successfully finished
DEBUG  PriceManager : Operation index has been successfully finished
DEBUG  PriceManager : ktc.xlsx 1 / 5successfully added
DEBUG  PriceManager : price_minimal.xlsx 2 / 5successfully added
DEBUG  PriceManager : kt.xlsx 3 / 5successfully added
DEBUG  PriceManager : Pr1.xlsx 4 / 5successfully added
DEBUG  PriceManager : opt.xlsx 5 / 5successfully added
DEBUG  PriceManager : Operation index has been successfully finished
DEBUG  PriceManager : price_minimal.xlsx 1 / 5successfully added
DEBUG  PriceManager : ktc.xlsx 2 / 5successfully added
DEBUG  PriceManager : kt.xlsx 3 / 5successfully added
DEBUG  PriceManager : Pr1.xlsx 4 / 5successfully added
DEBUG  PriceManager : opt.xlsx 5 / 5successfully added
DEBUG  PriceManager : Operation index has been successfully finished
DEBUG  PriceManager : ktc.xlsx 1 / 5successfully added
DEBUG  PriceManager : price_minimal.xlsx 2 / 5successfully added
DEBUG  PriceManager : kt.xlsx 3 / 5successfully added
DEBUG  PriceManager : Pr1.xlsx 4 / 5successfully added
DEBUG  PriceManager : opt.xlsx 5 / 5successfully added
DEBUG  PriceManager : Operation index has been successfully finished
DEBUG  PriceManager : price_minimal.xlsx 1 / 5successfully added
DEBUG  PriceManager : ktc.xlsx 2 / 5successfully added
DEBUG  PriceManager : kt.xlsx 3 / 5successfully added
DEBUG  PriceManager : Pr1.xlsx 4 / 5successfully added
DEBUG  PriceManager : opt.xlsx 5 / 5successfully added
DEBUG  PriceManager : Operation index has been successfully finished
DEBUG  PriceManager : Price price_minimal.xlsx already exists in database!
DEBUG  PriceManager : Price opt.xlsx already exists in database!
DEBUG  PriceManager : Price ktc.xlsx already exists in database!
DEBUG  PriceManager : Price kt.xlsx already exists in database!
DEBUG  PriceManager : Price Pr1.xlsx already exists in database!
DEBUG  PriceManager : price_minimal.xlsx 1 / 5successfully added
DEBUG  PriceManager : ktc.xlsx 2 / 5successfully added
DEBUG  PriceManager : kt.xlsx 3 / 5successfully added
DEBUG  PriceManager : Pr1.xlsx 4 / 5successfully added
DEBUG  PriceManager : opt.xlsx 5 / 5successfully added
DEBUG  PriceManager : Operation index has been successfully finished
DEBUG  PriceManager : Price price_minimal.xlsx already exists in database!
DEBUG  PriceManager : Price opt.xlsx already exists in database!
DEBUG  PriceManager : Price ktc.xlsx already exists in database!
DEBUG  PriceManager : Price kt.xlsx already exists in database!
DEBUG  PriceManager : Price Pr1.xlsx already exists in database!
DEBUG  PriceManager : price_minimal.xlsx 1 / 5successfully added
DEBUG  PriceManager : ktc.xlsx 2 / 5successfully added
DEBUG  PriceManager : kt.xlsx 3 / 5successfully added
DEBUG  PriceManager : Pr1.xlsx 4 / 5successfully added
DEBUG  PriceManager : opt.xlsx 5 / 5successfully added
DEBUG  PriceManager : Operation index has been successfully finished
DEBUG  PriceManager : Price price_minimal.xlsx already exists in database!
DEBUG  PriceManager : Price opt.xlsx already exists in database!
DEBUG  PriceManager : Price ktc.xlsx already exists in database!
DEBUG  PriceManager : Price kt.xlsx already exists in database!
DEBUG  PriceManager : Price Pr1.xlsx already exists in database!
DEBUG  PriceManager : ktc.xlsx 1 / 5successfully added
DEBUG  PriceManager : price_minimal.xlsx 2 / 5successfully added
DEBUG  PriceManager : kt.xlsx 3 / 5successfully added
DEBUG  PriceManager : Pr1.xlsx 4 / 5successfully added
DEBUG  PriceManager : opt.xlsx 5 / 5successfully added
DEBUG  PriceManager : Operation index has been successfully finished
DEBUG  PriceManager : Price price_minimal.xlsx already exists in database!
DEBUG  PriceManager : Price opt.xlsx already exists in database!
DEBUG  PriceManager : Price ktc.xlsx already exists in database!
DEBUG  PriceManager : Price kt.xlsx already exists in database!
DEBUG  PriceManager : Price Pr1.xlsx already exists in database!
DEBUG  PriceManager : price_minimal.xlsx 1 / 5successfully added
DEBUG  PriceManager : ktc.xlsx 2 / 5successfully added
DEBUG  PriceManager : kt.xlsx 3 / 5successfully added
DEBUG  PriceManager : Pr1.xlsx 4 / 5successfully added
DEBUG  PriceManager : opt.xlsx 5 / 5successfully added
DEBUG  PriceManager : Operation index has been successfully finished
DEBUG  PriceManager : Price price_minimal.xlsx already exists in database!
DEBUG  PriceManager : Price opt.xlsx already exists in database!
DEBUG  PriceManager : Price ktc.xlsx already exists in database!
DEBUG  PriceManager : Price kt.xlsx already exists in database!
DEBUG  PriceManager : Price Pr1.xlsx already exists in database!
DEBUG  PriceManager : price_minimal.xlsx 1 / 5successfully added
DEBUG  PriceManager : ktc.xlsx 2 / 5successfully added
DEBUG  PriceManager : kt.xlsx 3 / 5successfully added
DEBUG  PriceManager : Pr1.xlsx 4 / 5successfully added
DEBUG  PriceManager : opt.xlsx 5 / 5successfully added
DEBUG  PriceManager : Operation index has been successfully finished
DEBUG  PriceManager : Price price_minimal.xlsx already exists in database!
DEBUG  PriceManager : Price opt.xlsx already exists in database!
DEBUG  PriceManager : Price ktc.xlsx already exists in database!
DEBUG  PriceManager : Price kt.xlsx already exists in database!
DEBUG  PriceManager : Price Pr1.xlsx already exists in database!
DEBUG  PriceManager : price_minimal.xlsx 1 / 5successfully added
DEBUG  PriceManager : ktc.xlsx 2 / 5successfully added
DEBUG  PriceManager : kt.xlsx 3 / 5successfully added
DEBUG  PriceManager : Pr1.xlsx 4 / 5successfully added
DEBUG  PriceManager : opt.xlsx 5 / 5successfully added
DEBUG  PriceManager : Operation index has been successfully finished
DEBUG  PriceManager : Price price_minimal.xlsx already exists in database!
DEBUG  PriceManager : Price opt.xlsx already exists in database!
DEBUG  PriceManager : Price ktc.xlsx already exists in database!
DEBUG  PriceManager : Price kt.xlsx already exists in database!
DEBUG  PriceManager : Price Pr1.xlsx already exists in database!
DEBUG  PriceManager : price_minimal.xlsx 1 / 5successfully added
DEBUG  PriceManager : ktc.xlsx 2 / 5successfully added
DEBUG  PriceManager : kt.xlsx 3 / 5successfully added
DEBUG  PriceManager : Pr1.xlsx 4 / 5successfully added
DEBUG  PriceManager : opt.xlsx 5 / 5successfully added
DEBUG  PriceManager : Operation index has been successfully finished
DEBUG  PriceManager : Price price_minimal.xlsx already exists in database!
DEBUG  PriceManager : Price opt.xlsx already exists in database!
DEBUG  PriceManager : Price ktc.xlsx already exists in database!
DEBUG  PriceManager : Price kt.xlsx already exists in database!
DEBUG  PriceManager : Price Pr1.xlsx already exists in database!
DEBUG  Mapper::Base : Solr is running
DEBUG  Mapper::Base : Mapper has been started 2014-03-06 17:39:49 +0200
DEBUG  Mapper::Base : Mapper has been started 2014-03-06 17:42:58 +0200
DEBUG  Mapper::Base : Mapper has been started 2014-03-07 10:12:37 +0200
DEBUG  Mapper::Base : AMQP started 2014-03-07 10:12:37 +0200
DEBUG  Mapper::Base : Received message match
DEBUG  Mapper::Base : Mapper has been started 2014-03-07 10:24:21 +0200
DEBUG  Mapper::Base : Mapper has been started 2014-03-07 10:25:14 +0200
DEBUG  Mapper::Base : Mapper has been started 2014-03-07 15:27:01 +0200
DEBUG  Mapper::Base : AMQP started 2014-03-07 15:27:02 +0200
DEBUG  Mapper::Base : Received message match
DEBUG  Mapper::Base : Mapper has been started 2014-03-07 15:28:33 +0200
DEBUG  Mapper::Base : AMQP started 2014-03-07 15:28:33 +0200
DEBUG  Mapper::Base : Received message match
DEBUG  PriceManager : ktc.xlsx 1 / 5successfully added
DEBUG  PriceManager : price_minimal.xlsx 2 / 5successfully added
DEBUG  PriceManager : kt.xlsx 3 / 5successfully added
DEBUG  PriceManager : Pr1.xlsx 4 / 5successfully added
DEBUG  PriceManager : opt.xlsx 5 / 5successfully added
DEBUG  PriceManager : Operation index has been successfully finished
DEBUG  PriceManager : Price price_minimal.xlsx already exists in database!
DEBUG  PriceManager : Price opt.xlsx already exists in database!
DEBUG  PriceManager : Price ktc.xlsx already exists in database!
DEBUG  PriceManager : Price kt.xlsx already exists in database!
DEBUG  PriceManager : Price Pr1.xlsx already exists in database!
DEBUG  Mapper::Base : Mapper has been started 2014-03-07 15:47:17 +0200
DEBUG  Mapper::Base : Mapper has been started 2014-03-07 15:47:17 +0200
DEBUG  Mapper::Base : Mapper has been started 2014-03-07 15:50:28 +0200
DEBUG  Mapper::Base : Mapper has been started 2014-03-07 15:50:28 +0200
DEBUG  Mapper::Base : Mapper has been started 2014-03-07 15:56:17 +0200
DEBUG  Mapper::Base : Mapper has been started 2014-03-07 15:56:17 +0200
DEBUG  PriceManager : ktc.xlsx 1 / 5successfully added
DEBUG  PriceManager : ktc.xlsx 1 / 5successfully added
DEBUG  PriceManager : ktc.xlsx 1 / 5successfully added
DEBUG  PriceManager : price_minimal.xlsx 2 / 5successfully added
DEBUG  PriceManager : price_minimal.xlsx 2 / 5successfully added
DEBUG  PriceManager : price_minimal.xlsx 2 / 5successfully added
DEBUG  PriceManager : kt.xlsx 3 / 5successfully added
DEBUG  PriceManager : kt.xlsx 3 / 5successfully added
DEBUG  PriceManager : kt.xlsx 3 / 5successfully added
DEBUG  PriceManager : Pr1.xlsx 4 / 5successfully added
DEBUG  PriceManager : Pr1.xlsx 4 / 5successfully added
DEBUG  PriceManager : Pr1.xlsx 4 / 5successfully added
DEBUG  PriceManager : opt.xlsx 5 / 5successfully added
DEBUG  PriceManager : opt.xlsx 5 / 5successfully added
DEBUG  PriceManager : opt.xlsx 5 / 5successfully added
DEBUG  PriceManager : Operation index has been successfully finished
DEBUG  PriceManager : Operation index has been successfully finished
DEBUG  PriceManager : Operation index has been successfully finished
DEBUG  PriceManager : Price price_minimal.xlsx already exists in database!
DEBUG  PriceManager : Price price_minimal.xlsx already exists in database!
DEBUG  PriceManager : Price price_minimal.xlsx already exists in database!
DEBUG  PriceManager : Price opt.xlsx already exists in database!
DEBUG  PriceManager : Price opt.xlsx already exists in database!
DEBUG  PriceManager : Price opt.xlsx already exists in database!
DEBUG  PriceManager : Price ktc.xlsx already exists in database!
DEBUG  PriceManager : Price ktc.xlsx already exists in database!
DEBUG  PriceManager : Price ktc.xlsx already exists in database!
DEBUG  PriceManager : Price kt.xlsx already exists in database!
DEBUG  PriceManager : Price kt.xlsx already exists in database!
DEBUG  PriceManager : Price kt.xlsx already exists in database!
DEBUG  PriceManager : Price Pr1.xlsx already exists in database!
DEBUG  PriceManager : Price Pr1.xlsx already exists in database!
DEBUG  PriceManager : Price Pr1.xlsx already exists in database!
DEBUG  Mapper::Base : Mapper has been started 2014-03-07 16:05:34 +0200
DEBUG  Mapper::Base : Mapper has been started 2014-03-07 16:05:34 +0200
DEBUG  PriceManager : price_minimal.xlsx 1 / 5successfully added
DEBUG  PriceManager : price_minimal.xlsx 1 / 5successfully added
DEBUG  PriceManager : price_minimal.xlsx 1 / 5successfully added
DEBUG  PriceManager : ktc.xlsx 2 / 5successfully added
DEBUG  PriceManager : ktc.xlsx 2 / 5successfully added
DEBUG  PriceManager : ktc.xlsx 2 / 5successfully added
DEBUG  PriceManager : kt.xlsx 3 / 5successfully added
DEBUG  PriceManager : kt.xlsx 3 / 5successfully added
DEBUG  PriceManager : kt.xlsx 3 / 5successfully added
DEBUG  PriceManager : Pr1.xlsx 4 / 5successfully added
DEBUG  PriceManager : Pr1.xlsx 4 / 5successfully added
DEBUG  PriceManager : Pr1.xlsx 4 / 5successfully added
DEBUG  PriceManager : opt.xlsx 5 / 5successfully added
DEBUG  PriceManager : opt.xlsx 5 / 5successfully added
DEBUG  PriceManager : opt.xlsx 5 / 5successfully added
DEBUG  PriceManager : Operation index has been successfully finished
DEBUG  PriceManager : Operation index has been successfully finished
DEBUG  PriceManager : Operation index has been successfully finished
DEBUG  PriceManager : Price price_minimal.xlsx already exists in database!
DEBUG  PriceManager : Price price_minimal.xlsx already exists in database!
DEBUG  PriceManager : Price price_minimal.xlsx already exists in database!
DEBUG  PriceManager : Price opt.xlsx already exists in database!
DEBUG  PriceManager : Price opt.xlsx already exists in database!
DEBUG  PriceManager : Price opt.xlsx already exists in database!
DEBUG  PriceManager : Price ktc.xlsx already exists in database!
DEBUG  PriceManager : Price ktc.xlsx already exists in database!
DEBUG  PriceManager : Price ktc.xlsx already exists in database!
DEBUG  PriceManager : Price kt.xlsx already exists in database!
DEBUG  PriceManager : Price kt.xlsx already exists in database!
DEBUG  PriceManager : Price kt.xlsx already exists in database!
DEBUG  PriceManager : Price Pr1.xlsx already exists in database!
DEBUG  PriceManager : Price Pr1.xlsx already exists in database!
DEBUG  PriceManager : Price Pr1.xlsx already exists in database!
